Node  : gwn10
Start : Tue Jun 23 08:28:57 PM CEST 2026
NVIDIA H100 80GB HBM3, 81559 MiB
Device : cuda:0

Loading Netflix matrix...
Shape    : 4367 users × 256 movies
Observed : 1034723 / 1117952 (92.6%)

Adding symmetric noise  (p=0.1)...
Noise RMSE : 0.6669

Training for 200 epochs over 4367 users...

Epoch    1/200  avg loss = 0.09837
Epoch   20/200  avg loss = 0.07750
Epoch   40/200  avg loss = 0.07613
Epoch   60/200  avg loss = 0.07568
Epoch   80/200  avg loss = 0.07539
Epoch  100/200  avg loss = 0.07512
Epoch  120/200  avg loss = 0.07493
Epoch  140/200  avg loss = 0.07482
Epoch  160/200  avg loss = 0.07475
Epoch  180/200  avg loss = 0.07467
Epoch  200/200  avg loss = 0.07458

Evaluating on full dataset...

=======================================================
DENOISING RESULTS
=======================================================
Noise RMSE (before)               : 0.6669
RMSE all observed  (after)        : 0.5453
MAE  all observed  (after)        : 0.2900
RMSE corrupted entries (after)    : 1.5026
RMSE clean entries (after)        : 0.2830

Results saved to: /d/hpc/home/sm79111/thesis/results/deep_ksvd/recommender/denoising/denoising_results.csv
Finished : Tue Jun 23 09:31:33 PM CEST 2026
