Node        : wn218
Noise level : 0.10
Start       : Wed Jun 24 11:44:40 PM CEST 2026
Tesla V100S-PCIE-32GB, 32768 MiB
Device      : cuda:0
Noise level : 0.1
Seeds       : [0, 1, 2, 3, 4]

Loading Netflix matrix...
Shape : 4367 users × 256 movies
Train users : 3493  |  Test users : 874

── Run 1/5  (seed=0) ──────────────────
   RMSE: 0.5460  MAE: 0.2851  PSNR: 17.2968 dB
── Run 2/5  (seed=1) ──────────────────
   RMSE: 0.5496  MAE: 0.2854  PSNR: 17.2397 dB
── Run 3/5  (seed=2) ──────────────────
   RMSE: 0.5472  MAE: 0.2907  PSNR: 17.2777 dB
── Run 4/5  (seed=3) ──────────────────
   RMSE: 0.5497  MAE: 0.2920  PSNR: 17.2389 dB
── Run 5/5  (seed=4) ──────────────────
   RMSE: 0.5424  MAE: 0.2784  PSNR: 17.3545 dB

============================================================
RESULTS  p=0.1  (mean ± std over 5 seeds)
============================================================
  rmse_all_observed             : 0.5470 ± 0.0030
  mae_all_observed              : 0.2863 ± 0.0054
  psnr                          : 17.2815 ± 0.0478
  rmse_corrupted_entries        : 1.5120 ± 0.0036
  rmse_clean_entries            : 0.2804 ± 0.0037

Saved → /d/hpc/home/sm79111/thesis/results/deep_ksvd/recommender/denoising/denoising_results_summary_p010.csv
Finished : Thu Jun 25 09:00:29 AM CEST 2026
