Node             : wn205
Missing fraction : 0.4
Start            : Wed Jul  1 10:21:28 PM CEST 2026
Tesla V100S-PCIE-32GB, 32768 MiB
Device           : cuda:0
Missing fraction : 0.4
Seeds            : [0, 1, 2, 3, 4]

Loading Netflix matrix...
Shape : 4367 users × 256 movies
Train users : 3493  |  Test users : 874

── Run 1/5  (seed=0) ──────────────────
   RMSE: 0.9374  MAE: 0.7566  PSNR: 12.6023 dB
── Run 2/5  (seed=1) ──────────────────
   RMSE: 0.9374  MAE: 0.7570  PSNR: 12.6026 dB
── Run 3/5  (seed=2) ──────────────────
   RMSE: 0.9377  MAE: 0.7529  PSNR: 12.5998 dB
── Run 4/5  (seed=3) ──────────────────
   RMSE: 0.9377  MAE: 0.7584  PSNR: 12.6001 dB
── Run 5/5  (seed=4) ──────────────────
   RMSE: 0.9380  MAE: 0.7603  PSNR: 12.5970 dB

============================================================
RESULTS  mf=0.4  (mean ± std over 5 seeds)
============================================================
  rmse  : 0.9377 ± 0.0002
  mae   : 0.7570 ± 0.0027
  psnr  : 12.6004 ± 0.0022

Saved -> /d/hpc/home/sm79111/thesis/results/deep_ksvd/recommender/reconstruction/reconstruction_results_summary_mf040.csv
Finished : Thu Jul  2 05:58:19 AM CEST 2026
