Node             : gwn09
Missing fraction : 0.4
Start            : Thu Jun 25 11:52:40 PM CEST 2026
NVIDIA H100 80GB HBM3, 81559 MiB
Device           : cuda:0
Missing fraction : 0.4
Seeds            : [0, 1, 2, 3, 4]

Loading Netflix matrix...
Shape : 4367 users × 256 movies
Train users : 3493  |  Test users : 874

── Run 1/5  (seed=0) ──────────────────
   RMSE: 0.9896  MAE: 0.8063  PSNR: 12.1323 dB
── Run 2/5  (seed=1) ──────────────────
   RMSE: 0.9896  MAE: 0.8063  PSNR: 12.1323 dB
── Run 3/5  (seed=2) ──────────────────
   RMSE: 0.9896  MAE: 0.8063  PSNR: 12.1323 dB
── Run 4/5  (seed=3) ──────────────────
   RMSE: 0.9896  MAE: 0.8063  PSNR: 12.1323 dB
── Run 5/5  (seed=4) ──────────────────
   RMSE: 0.9896  MAE: 0.8063  PSNR: 12.1323 dB

============================================================
RESULTS  mf=0.4  (mean ± std over 5 seeds)
============================================================
  rmse  : 0.9896 ± 0.0000
  mae   : 0.8063 ± 0.0000
  psnr  : 12.1323 ± 0.0000

Saved -> /d/hpc/home/sm79111/thesis/results/deep_ksvd/recommender/reconstruction/reconstruction_results_summary_mf040.csv
Finished : Fri Jun 26 04:10:21 AM CEST 2026
