
K=128, sparsity=2

K=128, sparsity=4

K=128, sparsity=6

K=128, sparsity=8

K=256, sparsity=2

K=256, sparsity=4

K=256, sparsity=6

K=256, sparsity=8

K=441, sparsity=2

K=441, sparsity=4

K=441, sparsity=6

K=441, sparsity=8

K=512, sparsity=2

K=512, sparsity=4

K=512, sparsity=6

K=512, sparsity=8
    dictionary_size  sparsity       PSNR  ...  runtime_sec  n_patches  ops_estimate
0               128         2  29.774632  ...   138.385530      62001      15872256
4               256         2  29.604425  ...   211.033252      62001      31744512
8               441         2  29.299917  ...   246.056104      62001      54684882
12              512         2  29.218500  ...   314.697760      62001      63489024
1               128         4  28.446061  ...   260.750612      62001      31744512
5               256         4  27.751620  ...   393.579589      62001      63489024
9               441         4  27.178777  ...   400.123365      62001     109369764
13              512         4  27.012095  ...   629.090908      62001     126978048
2               128         6  26.876500  ...   403.960202      62001      47616768
6               256         6  26.087080  ...   596.909160      62001      95233536
10              441         6  25.555619  ...   607.258948      62001     164054646
3               128         8  25.468156  ...   568.848271      62001      63489024
14              512         6  25.421696  ...  1052.770069      62001     190467072
7               256         8  24.669423  ...   848.922142      62001     126978048
11              441         8  24.230010  ...   841.103466      62001     218739528
15              512         8  24.102665  ...  1473.587652      62001     253956096

[16 rows x 7 columns]
